   0    799.html
   1     64.html
   2    558.html
   3    476.html
   4    977.html
   5    281.html
   6    344.html
   7    828.html
   8    678.html
   9    594.html
  10    819.html
  11    140.html
  12    660.html
  13    618.html
  14    522.html
  15    839.html
  16     94.html
  17     80.html
  18    639.html
  19    704.html
  20    881.html
  21    186.html
  22    195.html
  23     96.html
  24    723.html
  25    724.html
  26    960.html
  27    336.html
  28    598.html
  29    407.html
  30    406.html
  31    342.html
  32    807.html
  33    708.html
  34     16.html
  35     79.html
  36    229.html
  37    371.html
  38     78.html
  39    857.html
  40    173.html
  41    625.html
  42    321.html
  43    623.html
  44    742.html
  45    705.html
  46    803.html
  47    380.html
  48    377.html
  49     95.html
  50    641.html
  51    183.html
  52     89.html
  53    149.html
  54    102.html
  55    436.html
  56    963.html
  57    611.html
  58    973.html
  59    738.html
  60    400.html
  61    484.html
  62    178.html
  63    571.html
  64    994.html
  65    647.html
  66    715.html
  67    489.html
  68    343.html
  69    956.html
  70    532.html
  71    247.html
  72    616.html
  73    539.html
  74    876.html
  75    565.html
  76    767.html
  77    437.html
  78    743.html
  79    367.html
  80     88.html
  81    943.html
  82    951.html
  83    729.html
  84    954.html
  85    302.html
  86    209.html
  87    936.html
  88    563.html
  89    794.html
  90     37.html
  91    885.html
  92    132.html
  93    474.html
  94    608.html
  95    498.html
  96    134.html
  97    752.html
  98     66.html
  99    117.html
 100    158.html
 101    101.html
 102    417.html
 103    790.html
 104    105.html
 105    716.html
 106    493.html
 107    560.html
 108     22.html
 109      1.html
 110    751.html
 111    770.html
 112    645.html
 113    862.html
 114    282.html
 115    428.html
 116    846.html
 117    893.html
 118    712.html
 119    987.html
 120    657.html
 121    815.html
 122      3.html
 123    766.html
 124    332.html
 125    735.html
 126    906.html
 127    159.html
 128    106.html
 129     97.html
 130     72.html
 131    180.html
 132    495.html
 133    988.html
 134    597.html
 135    774.html
 136    578.html
 137    573.html
 138    119.html
 139    227.html
 140    430.html
 141    863.html
 142    425.html
 143    607.html
 144    488.html
 145    676.html
 146    172.html
 147    459.html
 148    460.html
 149    384.html
 150     32.html
 151    894.html
 152    635.html
 153    697.html
 154    232.html
 155    184.html
 156    324.html
 157     86.html
 158    693.html
 159     90.html
 160    669.html
 161    535.html
 162    108.html
 163    363.html
 164    965.html
 165    859.html
 166    869.html
 167    904.html
 168    781.html
 169    322.html
 170    165.html
 171    279.html
 172    928.html
 173    938.html
 174    920.html
 175    155.html
 176    769.html
 177    503.html
 178    852.html
 179    383.html
 180    750.html
 181    275.html
 182    775.html
 183    181.html
 184    596.html
 185    604.html
 186    252.html
 187    160.html
 188    986.html
 189    248.html
 190    962.html
 191    879.html
 192    505.html
 193    222.html
 194    788.html
 195    419.html
 196    814.html
 197    438.html
 198    150.html
 199    588.html
 200    822.html
 201    410.html
 202    674.html
 203    270.html
 204    234.html
 205    634.html
 206    316.html
 207    714.html
 208    176.html
 209    202.html
 210    434.html
 211    501.html
 212    381.html
 213     65.html
 214    309.html
 215    462.html
 216    277.html
 217    244.html
 218    126.html
 219    768.html
 220    654.html
 221     42.html
 222    409.html
 223    334.html
 224    375.html
 225    288.html
 226    648.html
 227    764.html
 228    574.html
 229    369.html
 230    656.html
 231    540.html
 232    398.html
 233     10.html
 234    554.html
 235    262.html
 236    798.html
 237    709.html
 238    327.html
 239    544.html
 240    929.html
 241     63.html
 242    204.html
 243    875.html
 244    136.html
 245    785.html
 246    797.html
 247     71.html
 248    748.html
 249    891.html
 250    295.html
 251    726.html
 252    228.html
 253    278.html
 254    517.html
 255    728.html
 256    374.html
 257    514.html
 258    982.html
 259     23.html
 260    959.html
 261    918.html
 262     62.html
 263    478.html
 264    587.html
 265    175.html
 266    255.html
 267     53.html
 268    453.html
 269    665.html
 270    388.html
 271    944.html
 272    239.html
 273    432.html
 274    778.html
 275    500.html
 276    338.html
 277     87.html
 278     25.html
 279    759.html
 280    686.html
 281    201.html
 282    137.html
 283    329.html
 284    858.html
 285    521.html
 286    465.html
 287     18.html
 288    273.html
 289    519.html
 290    754.html
 291    120.html
 292     27.html
 293    156.html
 294    878.html
 295    362.html
 296    806.html
 297    980.html
 298    590.html
 299    910.html
 300     92.html
 301    796.html
 302    530.html
 303    448.html
 304    144.html
 305    104.html
 306    681.html
 307    240.html
 308    757.html
 309    802.html
 310    115.html
 311    897.html
 312    997.html
 313    926.html
 314    864.html
 315    121.html
 316    547.html
 317    694.html
 318    482.html
 319    937.html
 320    958.html
 321    152.html
 322    691.html
 323    461.html
 324    877.html
 325    744.html
 326    103.html
 327    237.html
 328     83.html
 329    307.html
 330    510.html
 331    313.html
 332    737.html
 333    677.html
 334    860.html
 335    845.html
 336    213.html
 337    985.html
 338    633.html
 339    235.html
 340     70.html
 341    358.html
 342    976.html
 343    365.html
 344    454.html
 345     31.html
 346    780.html
 347    534.html
 348    975.html
 349    497.html
 350    443.html
 351    835.html
 352    225.html
 353    289.html
 354    914.html
 355    361.html
 356    923.html
 357    433.html
 358    721.html
 359    841.html
 360    250.html
 361    874.html
 362     36.html
 363    142.html
 364    386.html
 365    679.html
 366    854.html
 367    890.html
 368    182.html
 369    310.html
 370    682.html
 371    867.html
 372     11.html
 373    379.html
 374    934.html
 375    786.html
 376    107.html
 377    575.html
 378    458.html
 379    236.html
 380    851.html
 381    966.html
 382    584.html
 383     82.html
 384    911.html
 385    218.html
 386     51.html
 387    899.html
 388    233.html
 389    823.html
 390    404.html
 391    123.html
 392    549.html
 393     74.html
 394    308.html
 395    631.html
 396    805.html
 397    272.html
 398    800.html
 399    707.html
 400    872.html
 401     67.html
 402    643.html
 403     68.html
 404    346.html
 405    124.html
 406    702.html
 407     47.html
 408    507.html
 409    624.html
 410    249.html
 411    668.html
 412    330.html
 413      7.html
 414    125.html
 415    685.html
 416    506.html
 417    758.html
 418    850.html
 419    812.html
 420    609.html
 421    370.html
 422    820.html
 423    912.html
 424    128.html
 425    772.html
 426    666.html
 427    325.html
 428    902.html
 429    711.html
 430    583.html
 431    219.html
 432    931.html
 433    179.html
 434     19.html
 435    387.html
 436    847.html
 437    110.html
 438    600.html
 439    290.html
 440    205.html
 441    509.html
 442    871.html
 443    950.html
 444    494.html
 445    265.html
 446    513.html
 447    148.html
 448    531.html
 449    467.html
 450     58.html
 451    945.html
 452    396.html
 453    373.html
 454    978.html
 455    212.html
 456    151.html
 457    838.html
 458    655.html
 459    447.html
 460    993.html
 461    740.html
 462    824.html
 463    319.html
 464    688.html
 465    556.html
 466    886.html
 467    903.html
 468    185.html
 469    777.html
 470    217.html
 471    333.html
 472    842.html
 473    402.html
 474    916.html
 475    512.html
 476    199.html
 477    456.html
 478    577.html
 479    773.html
 480    659.html
 481    231.html
 482    990.html
 483    925.html
 484    210.html
 485    215.html
 486    397.html
 487    572.html
 488    636.html
 489    504.html
 490    927.html
 491    901.html
 492    559.html
 493    318.html
 494    190.html
 495     30.html
 496    475.html
 497    480.html
 498    713.html
 499    919.html
 500    242.html
 501    829.html
 502    372.html
 503    569.html
 504    269.html
 505    725.html
 506     34.html
 507     46.html
 508    675.html
 509    230.html
 510    692.html
 511    953.html
 512    942.html
 513    468.html
 514    801.html
 515    502.html
 516     76.html
 517    787.html
 518    853.html
 519    698.html
 520    972.html
 521    536.html
 522     75.html
 523    961.html
 524     54.html
 525    892.html
 526    393.html
 527    602.html
 528    224.html
 529    861.html
 530    411.html
 531    739.html
 532    541.html
 533    836.html
 534    378.html
 535    995.html
 536    599.html
 537    883.html
 538    664.html
 539    722.html
 540    991.html
 541    551.html
 542    268.html
 543    567.html
 544     20.html
 545     48.html
 546    533.html
 547    948.html
 548    555.html
 549    449.html
 550    429.html
 551     77.html
 552    746.html
 553    546.html
 554    868.html
 555    331.html
 556    256.html
 557     81.html
 558    366.html
 559    543.html
 560    566.html
 561    855.html
 562    439.html
 563    935.html
 564     14.html
 565    989.html
 566    413.html
 567    900.html
 568    473.html
 569    492.html
 570    317.html
 571    441.html
 572    314.html
 573    483.html
 574    663.html
 575    315.html
 576    603.html
 577    888.html
 578    221.html
 579    418.html
 580    511.html
 581     33.html
 582    765.html
 583    442.html
 584    979.html
 585    915.html
 586    843.html
 587    226.html
 588    651.html
 589    528.html
 590    837.html
 591    524.html
 592    254.html
 593    553.html
 594    360.html
 595    364.html
 596    834.html
 597    907.html
 598     15.html
 599    141.html
 600    718.html
 601    263.html
 602    921.html
 603    486.html
 604    550.html
 605    638.html
 606    445.html
 607    463.html
 608    817.html
 609    349.html
 610    957.html
 611    440.html
 612    873.html
 613    606.html
 614     91.html
 615    680.html
 616    756.html
 617    568.html
 618    548.html
 619     28.html
 620    415.html
 621    450.html
 622    731.html
 623    662.html
 624    741.html
 625    755.html
 626    581.html
 627      4.html
 628    305.html
 629    416.html
 630    576.html
 631    271.html
 632    727.html
 633    312.html
 634    586.html
 635    749.html
 636    421.html
 637     50.html
 638    301.html
 639    706.html
 640    276.html
 641    320.html
 642     49.html
 643    791.html
 644    941.html
 645    760.html
 646    401.html
 647    761.html
 648    161.html
 649    129.html
 650    672.html
 651    762.html
 652    971.html
 653    816.html
 654      6.html
 655     98.html
 656    348.html
 657      2.html
 658    827.html
 659    591.html
 660    537.html
 661    905.html
 662    368.html
 663    884.html
 664    612.html
 665    337.html
 666    479.html
 667    621.html
 668    582.html
 669    529.html
 670     55.html
 671    481.html
 672    326.html
 673    789.html
 674    283.html
 675    856.html
 676    527.html
 677     85.html
 678    267.html
 679    300.html
 680    844.html
 681    896.html
 682    508.html
 683    241.html
 684    946.html
 685    887.html
 686    274.html
 687    732.html
 688     57.html
 689    525.html
 690    258.html
 691    516.html
 692    328.html
 693    617.html
 694    730.html
 695    630.html
 696     56.html
 697    736.html
 698    470.html
 699    294.html
 700    684.html
 701     59.html
 702    745.html
 703    451.html
 704    457.html
 705    619.html
 706    821.html
 707    392.html
 708    825.html
 709    335.html
 710    412.html
 711    296.html
 712    703.html
 713    394.html
 714    287.html
 715    866.html
 716    526.html
 717    826.html
 718    833.html
 719    251.html
 720    909.html
 721      5.html
 722     40.html
 723    810.html
 724    644.html
 725    356.html
 726    306.html
 727    782.html
 728    783.html
 729    264.html
 730    589.html
 731    813.html
 732    520.html
 733    670.html
 734    996.html
 735    613.html
 736    292.html
 737     84.html
 738    259.html
 739    865.html
 740    808.html
 741    642.html
 742     99.html
 743    939.html
 744    629.html
 745    992.html
 746    753.html
 747    880.html
 748    538.html
 749    422.html
 750    947.html
 751    391.html
 752    717.html
 753    940.html
 754    359.html
 755     41.html
 756    968.html
 757    998.html
 758    420.html
 759    792.html
 760    811.html
 761     44.html
 762    293.html
 763    304.html
 764    831.html
 765    545.html
 766    984.html
 767    162.html
 768    408.html
 769    734.html
 770    405.html
 771      8.html
 772    435.html
 773    585.html
 774    403.html
 775    779.html
 776    340.html
 777    640.html
 778    955.html
 779    564.html
 780    627.html
 781    523.html
 782    490.html
 783     61.html
 784    444.html
 785    557.html
 786    653.html
 787     93.html
 788     35.html
 789    496.html
 790    382.html
 791    776.html
 792     12.html
 793    593.html
 794    266.html
 795    414.html
 796      9.html
 797    347.html
 798    390.html
 799    427.html
 800    895.html
 801    898.html
 802    632.html
 803    695.html
 804    455.html
 805    353.html
 806    981.html
 807    499.html
 808     45.html
 809    615.html
 810    355.html
 811    280.html
 812    243.html
 813    323.html
 814    491.html
 815    472.html
 816    719.html
 817     73.html
 818    192.html
 819    974.html
 820    622.html
 821    446.html
 822    795.html
 823    389.html
 824    285.html
 825     17.html
 826    970.html
 827    699.html
 828    620.html
 829    562.html
 830    423.html
 831    122.html
 832     29.html
 833    908.html
 834    917.html
 835    818.html
 836    341.html
 837    253.html
 838    570.html
 839    261.html
 840    466.html
 841    238.html
 842    339.html
 843    689.html
 844    763.html
 845    999.html
 846    614.html
 847    515.html
 848    354.html
 849    646.html
 850    840.html
 851    284.html
 852    683.html
 853    652.html
 854    246.html
 855    298.html
 856    700.html
 857     60.html
 858    701.html
 859 medium.html
 860    949.html
 861    579.html
 862    932.html
 863    626.html
 864    952.html
 865    257.html
 866    889.html
 867    830.html
 868    245.html
 869    311.html
 870    922.html
 871    452.html
 872    637.html
 873     26.html
 874    793.html
 875    610.html
 876    933.html
 877    771.html
 878    352.html
 879    299.html
 880    552.html
 881    303.html
 882    469.html
 883    964.html
 884    650.html
 885     21.html
 886    291.html
 887    350.html
 888    431.html
 889    477.html
 890    345.html
 891    848.html
 892    673.html
 893   hard.html
 894    351.html
 895    485.html
 896    471.html
 897    487.html
 898     39.html
 899    747.html
 900     69.html
 901    696.html
 902    628.html
 903    357.html
 904    667.html
 905    849.html
 906     13.html
 907    286.html
 908    687.html
 909    223.html
 910    930.html
 911    804.html
 912    595.html
 913    399.html
 914    658.html
 915     43.html
 916    518.html
 917    882.html
 918    174.html
 919    870.html
 920    649.html
 921    720.html
 922    809.html
 923    967.html
 924    464.html
 925    601.html
 926    832.html
 927    297.html
 928    220.html
 929    969.html
 930    561.html
 931    426.html
 932    690.html
 933    424.html
 934     52.html
 935    376.html
 936    260.html
 937    671.html
 938    733.html
 939    710.html
 940    924.html
 941    118.html
 942    605.html
 943    385.html
 944    784.html
 945    580.html
 946    592.html
 947    661.html
 948     24.html
 949    395.html
 950    542.html
 951    983.html
 952     38.html
 953    913.html
 954 simple.html
